*** Using Compiler 'V5.05 update 1 (build 106)', folder: 'D:\keil5\ARM\ARMCC\Bin'
Build target 'car'
assembling startup_stm32f407xx.s...
compiling stm32f4xx_ll_adc.c...
compiling stm32f4xx_hal_flash_ex.c...
compiling stm32f4xx_hal_msp.c...
compiling adc.c...
compiling stm32f4xx_it.c...
compiling main.c...
compiling stm32f4xx_hal_rcc_ex.c...
compiling tim.c...
compiling stm32f4xx_hal_flash.c...
compiling stm32f4xx_hal_adc.c...
compiling i2c.c...
compiling xunji.c...
compiling gpio.c...
compiling stm32f4xx_hal_adc_ex.c...
compiling usart.c...
compiling stm32f4xx_hal_rcc.c...
compiling stm32f4xx_hal_exti.c...
compiling stm32f4xx_hal_flash_ramfunc.c...
compiling stm32f4xx_hal_gpio.c...
compiling system_stm32f4xx.c...
compiling stm32f4xx_hal_cortex.c...
compiling stm32f4xx_hal_dma_ex.c...
compiling stm32f4xx_hal_dma.c...
compiling stm32f4xx_hal.c...
compiling stm32f4xx_hal_tim_ex.c...
compiling stm32f4xx_hal_pwr_ex.c...
compiling control.c...
compiling stm32f4xx_hal_i2c_ex.c...
compiling stm32f4xx_hal_pwr.c...
compiling stm32f4xx_hal_tim.c...
compiling stm32f4xx_hal_uart.c...
compiling stm32f4xx_hal_i2c.c...
compiling car.c...
compiling pid.c...
compiling oled.c...
compiling mpu6050.c...
compiling bsp_pid.c...
compiling inv_mpu_dmp_motion_driver.c...
compiling inv_mpu.c...
linking...
Program Size: Code=35442 RO-data=4110 RW-data=120 ZI-data=2432  
FromELF: creating hex file...
"car\car.axf" - 0 Error(s), 0 Warning(s).
Build Time Elapsed:  00:00:28
